0 info it worked if it ends with ok
1 verbose cli [ 'C:\\Program Files (x86)\\nodejs\\node.exe',
1 verbose cli   'C:\\Users\\Matt\\AppData\\Roaming\\npm\\node_modules\\npm\\bin\\npm-cli.js',
1 verbose cli   'install',
1 verbose cli   '-g',
1 verbose cli   'bower' ]
2 info using npm@3.10.5
3 info using node@v6.11.0
4 silly loadCurrentTree Starting
5 silly install loadCurrentTree
6 silly install readGlobalPackageData
7 silly fetchPackageMetaData bower
8 silly fetchNamedPackageData bower
9 silly mapToRegistry name bower
10 silly mapToRegistry using default registry
11 silly mapToRegistry registry https://registry.npmjs.org/
12 silly mapToRegistry data Result {
12 silly mapToRegistry   raw: 'bower',
12 silly mapToRegistry   scope: null,
12 silly mapToRegistry   escapedName: 'bower',
12 silly mapToRegistry   name: 'bower',
12 silly mapToRegistry   rawSpec: '',
12 silly mapToRegistry   spec: 'latest',
12 silly mapToRegistry   type: 'tag' }
13 silly mapToRegistry uri https://registry.npmjs.org/bower
14 verbose request uri https://registry.npmjs.org/bower
15 verbose request no auth needed
16 info attempt registry request try #1 at 7:32:24 PM
17 verbose request id 1ac65bad5488a122
18 http request GET https://registry.npmjs.org/bower
19 http 200 https://registry.npmjs.org/bower
20 verbose headers { server: 'nginx/1.10.1',
20 verbose headers   'content-type': 'application/json',
20 verbose headers   'last-modified': 'Mon, 05 Jun 2017 08:07:23 GMT',
20 verbose headers   etag: 'W/"5935113b-3149f"',
20 verbose headers   'content-encoding': 'gzip',
20 verbose headers   'cache-control': 'max-age=300',
20 verbose headers   'content-length': '17221',
20 verbose headers   'accept-ranges': 'bytes',
20 verbose headers   date: 'Sat, 10 Jun 2017 00:32:53 GMT',
20 verbose headers   via: '1.1 varnish',
20 verbose headers   age: '121',
20 verbose headers   connection: 'keep-alive',
20 verbose headers   'x-served-by': 'cache-dfw1836-DFW',
20 verbose headers   'x-cache': 'HIT',
20 verbose headers   'x-cache-hits': '1',
20 verbose headers   'x-timer': 'S1497054774.670427,VS0,VE1',
20 verbose headers   vary: 'Accept-Encoding' }
21 silly get cb [ 200,
21 silly get   { server: 'nginx/1.10.1',
21 silly get     'content-type': 'application/json',
21 silly get     'last-modified': 'Mon, 05 Jun 2017 08:07:23 GMT',
21 silly get     etag: 'W/"5935113b-3149f"',
21 silly get     'content-encoding': 'gzip',
21 silly get     'cache-control': 'max-age=300',
21 silly get     'content-length': '17221',
21 silly get     'accept-ranges': 'bytes',
21 silly get     date: 'Sat, 10 Jun 2017 00:32:53 GMT',
21 silly get     via: '1.1 varnish',
21 silly get     age: '121',
21 silly get     connection: 'keep-alive',
21 silly get     'x-served-by': 'cache-dfw1836-DFW',
21 silly get     'x-cache': 'HIT',
21 silly get     'x-cache-hits': '1',
21 silly get     'x-timer': 'S1497054774.670427,VS0,VE1',
21 silly get     vary: 'Accept-Encoding' } ]
22 verbose get saving bower to C:\Users\Matt\AppData\Roaming\npm-cache\registry.npmjs.org\bower\.cache.json
23 verbose correctMkdir C:\Users\Matt\AppData\Roaming\npm-cache correctMkdir not in flight; initializing
24 silly install normalizeTree
25 silly loadCurrentTree Finishing
26 silly loadIdealTree Starting
27 silly install loadIdealTree
28 silly cloneCurrentTree Starting
29 silly install cloneCurrentTreeToIdealTree
30 silly cloneCurrentTree Finishing
31 silly loadShrinkwrap Starting
32 silly install loadShrinkwrap
33 silly loadShrinkwrap Finishing
34 silly loadAllDepsIntoIdealTree Starting
35 silly install loadAllDepsIntoIdealTree
36 silly resolveWithNewModule bower@1.8.0 checking installable status
37 silly cache add args [ 'bower', null ]
38 verbose cache add spec bower
39 silly cache add parsed spec Result {
39 silly cache add   raw: 'bower',
39 silly cache add   scope: null,
39 silly cache add   escapedName: 'bower',
39 silly cache add   name: 'bower',
39 silly cache add   rawSpec: '',
39 silly cache add   spec: 'latest',
39 silly cache add   type: 'tag' }
40 silly addNamed bower@latest
41 verbose addNamed "latest" is being treated as a dist-tag for bower
42 info addNameTag [ 'bower', 'latest' ]
43 silly mapToRegistry name bower
44 silly mapToRegistry using default registry
45 silly mapToRegistry registry https://registry.npmjs.org/
46 silly mapToRegistry data Result {
46 silly mapToRegistry   raw: 'bower',
46 silly mapToRegistry   scope: null,
46 silly mapToRegistry   escapedName: 'bower',
46 silly mapToRegistry   name: 'bower',
46 silly mapToRegistry   rawSpec: '',
46 silly mapToRegistry   spec: 'latest',
46 silly mapToRegistry   type: 'tag' }
47 silly mapToRegistry uri https://registry.npmjs.org/bower
48 verbose addNameTag registry:https://registry.npmjs.org/bower not in flight; fetching
49 verbose get https://registry.npmjs.org/bower not expired, no request
50 silly addNameTag next cb for bower with tag latest
51 silly addNamed bower@1.8.0
52 verbose addNamed "1.8.0" is a plain semver version for bower
53 warn deprecated bower@1.8.0: ..psst! While Bower is maintained, we recommend Yarn and Webpack for *new* front-end projects! Yarn's advantage is security and reliability, and Webpack's is support for both CommonJS and AMD projects. Currently there's no migration path but we hope you'll help us figure out one.
54 silly mapToRegistry name bower
55 silly mapToRegistry using default registry
56 silly mapToRegistry registry https://registry.npmjs.org/
57 silly mapToRegistry data Result {
57 silly mapToRegistry   raw: 'bower',
57 silly mapToRegistry   scope: null,
57 silly mapToRegistry   escapedName: 'bower',
57 silly mapToRegistry   name: 'bower',
57 silly mapToRegistry   rawSpec: '',
57 silly mapToRegistry   spec: 'latest',
57 silly mapToRegistry   type: 'tag' }
58 silly mapToRegistry uri https://registry.npmjs.org/bower
59 verbose addRemoteTarball https://registry.npmjs.org/bower/-/bower-1.8.0.tgz not in flight; adding
60 verbose addRemoteTarball [ 'https://registry.npmjs.org/bower/-/bower-1.8.0.tgz',
60 verbose addRemoteTarball   '55dbebef0ad9155382d9e9d3e497c1372345b44a' ]
61 info retry fetch attempt 1 at 7:32:24 PM
62 info attempt registry request try #1 at 7:32:24 PM
63 http fetch GET https://registry.npmjs.org/bower/-/bower-1.8.0.tgz
64 http fetch 200 https://registry.npmjs.org/bower/-/bower-1.8.0.tgz
65 silly fetchAndShaCheck shasum 55dbebef0ad9155382d9e9d3e497c1372345b44a
66 verbose addTmpTarball C:\Users\Matt\AppData\Local\Temp\npm-7060-25c7792a\registry.npmjs.org\bower\-\bower-1.8.0.tgz not in flight; adding
67 verbose addTmpTarball already have metadata; skipping unpack for bower@1.8.0
68 verbose correctMkdir C:\Users\Matt\AppData\Roaming\npm-cache correctMkdir not in flight; initializing
69 silly cache afterAdd bower@1.8.0
70 verbose afterAdd C:\Users\Matt\AppData\Roaming\npm-cache\bower\1.8.0\package\package.json not in flight; writing
71 verbose correctMkdir C:\Users\Matt\AppData\Roaming\npm-cache correctMkdir not in flight; initializing
72 verbose afterAdd C:\Users\Matt\AppData\Roaming\npm-cache\bower\1.8.0\package\package.json written
73 silly loadAllDepsIntoIdealTree Finishing
74 silly loadIdealTree Finishing
75 silly currentTree nodejs
76 silly idealTree nodejs
76 silly idealTree `-- bower@1.8.0
77 silly generateActionsToTake Starting
78 silly install generateActionsToTake
79 silly generateActionsToTake Finishing
80 silly diffTrees action count 1
81 silly diffTrees add bower@1.8.0
82 silly decomposeActions action count 8
83 silly decomposeActions fetch bower@1.8.0
84 silly decomposeActions extract bower@1.8.0
85 silly decomposeActions test bower@1.8.0
86 silly decomposeActions preinstall bower@1.8.0
87 silly decomposeActions build bower@1.8.0
88 silly decomposeActions install bower@1.8.0
89 silly decomposeActions postinstall bower@1.8.0
90 silly decomposeActions finalize bower@1.8.0
91 silly executeActions Starting
92 silly install executeActions
93 silly doSerial global-install 0
94 silly doParallel fetch 1
95 verbose correctMkdir C:\Users\Matt\AppData\Roaming\npm-cache\_locks correctMkdir not in flight; initializing
96 verbose lock using C:\Users\Matt\AppData\Roaming\npm-cache\_locks\staging-64c461511ddedb71.lock for C:\Program Files (x86)\nodejs\node_modules\.staging
97 verbose unlock done using C:\Users\Matt\AppData\Roaming\npm-cache\_locks\staging-64c461511ddedb71.lock for C:\Program Files (x86)\nodejs\node_modules\.staging
98 silly rollbackFailedOptional Starting
99 silly rollbackFailedOptional Finishing
100 silly runTopLevelLifecycles Starting
101 silly runTopLevelLifecycles Finishing
102 silly install printInstalled
103 verbose stack Error: EPERM: operation not permitted, mkdir 'C:\Program Files (x86)\nodejs\node_modules\.staging'
103 verbose stack     at Error (native)
104 verbose cwd C:\Users\Matt\Documents\GitHub\affordableartandframes
105 error Windows_NT 10.0.14393
106 error argv "C:\\Program Files (x86)\\nodejs\\node.exe" "C:\\Users\\Matt\\AppData\\Roaming\\npm\\node_modules\\npm\\bin\\npm-cli.js" "install" "-g" "bower"
107 error node v6.11.0
108 error npm  v3.10.5
109 error path C:\Program Files (x86)\nodejs\node_modules\.staging
110 error code EPERM
111 error errno -4048
112 error syscall mkdir
113 error Error: EPERM: operation not permitted, mkdir 'C:\Program Files (x86)\nodejs\node_modules\.staging'
113 error     at Error (native)
113 error  { Error: EPERM: operation not permitted, mkdir 'C:\Program Files (x86)\nodejs\node_modules\.staging'
113 error     at Error (native)
113 error   errno: -4048,
113 error   code: 'EPERM',
113 error   syscall: 'mkdir',
113 error   path: 'C:\\Program Files (x86)\\nodejs\\node_modules\\.staging' }
114 error Please try running this command again as root/Administrator.
115 verbose exit [ -4048, true ]
